# JRE version: Java(TM) SE Runtime Environment (8.0_101-b13) (build 1.8.0_101-b13)
# Java VM: Java HotSpot(TM) Client VM (25.101-b13 mixed mode windows-x86 )
Heap:
 def new generation   total 12416K, used 10538K [0x05200000, 0x05f70000, 0x0a750000)
  eden space 11072K,  84% used [0x05200000, 0x05b1d538, 0x05cd0000)
  from space 1344K,  89% used [0x05e20000, 0x05f4d6a0, 0x05f70000)
  to   space 1344K,   0% used [0x05cd0000, 0x05cd0000, 0x05e20000)
 tenured generation   total 96068K, used 95326K [0x0a750000, 0x10521000, 0x15200000)
   the space 96068K,  99% used [0x0a750000, 0x10467ae0, 0x10467c00, 0x10521000)
 Metaspace       used 5836K, capacity 6013K, committed 6144K, reserved 6528K
GC Heap History (10 events):
Event: 1648.699 GC heap before
{Heap before GC invocations=23743 (full 4600):
 def new generation   total 12416K, used 11850K [0x05200000, 0x05f70000, 0x0a750000)
  eden space 11072K,  96% used [0x05200000, 0x05c651a0, 0x05cd0000)
  from space 1344K,  89% used [0x05cd0000, 0x05dfd6a0, 0x05e20000)
  to   space 1344K,   0% used [0x05e20000, 0x05e20000, 0x05f70000)
 tenured generation   total 96068K, used 95323K [0x0a750000, 0x10521000, 0x15200000)
   the space 96068K,  99% used [0x0a750000, 0x10466d20, 0x10466e00, 0x10521000)
 Metaspace       used 5836K, capacity 6013K, committed 6144K, reserved 6528K
Event: 1648.700 GC heap after
Heap after GC invocations=23744 (full 4600):
 def new generation   total 12416K, used 1205K [0x05200000, 0x05f70000, 0x0a750000)
  eden space 11072K,   0% used [0x05200000, 0x05200000, 0x05cd0000)
  from space 1344K,  89% used [0x05e20000, 0x05f4d6a0, 0x05f70000)
  to   space 1344K,   0% used [0x05cd0000, 0x05cd0000, 0x05e20000)
 tenured generation   total 96068K, used 95323K [0x0a750000, 0x10521000, 0x15200000)
   the space 96068K,  99% used [0x0a750000, 0x10466fe0, 0x10467000, 0x10521000)
 Metaspace       used 5836K, capacity 6013K, committed 6144K, reserved 6528K
}
Event: 1648.831 GC heap before
{Heap before GC invocations=23744 (full 4600):
 def new generation   total 12416K, used 11850K [0x05200000, 0x05f70000, 0x0a750000)
  eden space 11072K,  96% used [0x05200000, 0x05c651a0, 0x05cd0000)
  from space 1344K,  89% used [0x05e20000, 0x05f4d6a0, 0x05f70000)
  to   space 1344K,   0% used [0x05cd0000, 0x05cd0000, 0x05e20000)
 tenured generation   total 96068K, used 95323K [0x0a750000, 0x10521000, 0x15200000)
   the space 96068K,  99% used [0x0a750000, 0x10466fe0, 0x10467000, 0x10521000)
 Metaspace       used 5836K, capacity 6013K, committed 6144K, reserved 6528K
Event: 1648.832 GC heap after
Heap after GC invocations=23745 (full 4600):
 def new generation   total 12416K, used 1205K [0x05200000, 0x05f70000, 0x0a750000)
  eden space 11072K,   0% used [0x05200000, 0x05200000, 0x05cd0000)
  from space 1344K,  89% used [0x05cd0000, 0x05dfd6a0, 0x05e20000)
  to   space 1344K,   0% used [0x05e20000, 0x05e20000, 0x05f70000)
 tenured generation   total 96068K, used 95324K [0x0a750000, 0x10521000, 0x15200000)
   the space 96068K,  99% used [0x0a750000, 0x104672a0, 0x10467400, 0x10521000)
 Metaspace       used 5836K, capacity 6013K, committed 6144K, reserved 6528K
}
Event: 1648.963 GC heap before
{Heap before GC invocations=23745 (full 4600):
 def new generation   total 12416K, used 11850K [0x05200000, 0x05f70000, 0x0a750000)
  eden space 11072K,  96% used [0x05200000, 0x05c651a0, 0x05cd0000)
  from space 1344K,  89% used [0x05cd0000, 0x05dfd6a0, 0x05e20000)
  to   space 1344K,   0% used [0x05e20000, 0x05e20000, 0x05f70000)
 tenured generation   total 96068K, used 95324K [0x0a750000, 0x10521000, 0x15200000)
   the space 96068K,  99% used [0x0a750000, 0x104672a0, 0x10467400, 0x10521000)
 Metaspace       used 5836K, capacity 6013K, committed 6144K, reserved 6528K
Event: 1648.964 GC heap after
Heap after GC invocations=23746 (full 4600):
 def new generation   total 12416K, used 1205K [0x05200000, 0x05f70000, 0x0a750000)
  eden space 11072K,   0% used [0x05200000, 0x05200000, 0x05cd0000)
  from space 1344K,  89% used [0x05e20000, 0x05f4d6a0, 0x05f70000)
  to   space 1344K,   0% used [0x05cd0000, 0x05cd0000, 0x05e20000)
 tenured generation   total 96068K, used 95325K [0x0a750000, 0x10521000, 0x15200000)
   the space 96068K,  99% used [0x0a750000, 0x10467560, 0x10467600, 0x10521000)
 Metaspace       used 5836K, capacity 6013K, committed 6144K, reserved 6528K
}
Event: 1649.099 GC heap before
{Heap before GC invocations=23746 (full 4600):
 def new generation   total 12416K, used 11850K [0x05200000, 0x05f70000, 0x0a750000)
  eden space 11072K,  96% used [0x05200000, 0x05c651a0, 0x05cd0000)
  from space 1344K,  89% used [0x05e20000, 0x05f4d6a0, 0x05f70000)
  to   space 1344K,   0% used [0x05cd0000, 0x05cd0000, 0x05e20000)
 tenured generation   total 96068K, used 95325K [0x0a750000, 0x10521000, 0x15200000)
   the space 96068K,  99% used [0x0a750000, 0x10467560, 0x10467600, 0x10521000)
 Metaspace       used 5836K, capacity 6013K, committed 6144K, reserved 6528K
Event: 1649.100 GC heap after
Heap after GC invocations=23747 (full 4600):
 def new generation   total 12416K, used 1205K [0x05200000, 0x05f70000, 0x0a750000)
  eden space 11072K,   0% used [0x05200000, 0x05200000, 0x05cd0000)
  from space 1344K,  89% used [0x05cd0000, 0x05dfd6a0, 0x05e20000)
  to   space 1344K,   0% used [0x05e20000, 0x05e20000, 0x05f70000)
 tenured generation   total 96068K, used 95326K [0x0a750000, 0x10521000, 0x15200000)
   the space 96068K,  99% used [0x0a750000, 0x10467820, 0x10467a00, 0x10521000)
 Metaspace       used 5836K, capacity 6013K, committed 6144K, reserved 6528K
}
Event: 1649.231 GC heap before
{Heap before GC invocations=23747 (full 4600):
 def new generation   total 12416K, used 11850K [0x05200000, 0x05f70000, 0x0a750000)
  eden space 11072K,  96% used [0x05200000, 0x05c651a0, 0x05cd0000)
  from space 1344K,  89% used [0x05cd0000, 0x05dfd6a0, 0x05e20000)
  to   space 1344K,   0% used [0x05e20000, 0x05e20000, 0x05f70000)
 tenured generation   total 96068K, used 95326K [0x0a750000, 0x10521000, 0x15200000)
   the space 96068K,  99% used [0x0a750000, 0x10467820, 0x10467a00, 0x10521000)
 Metaspace       used 5836K, capacity 6013K, committed 6144K, reserved 6528K
Event: 1649.232 GC heap after
Heap after GC invocations=23748 (full 4600):
 def new generation   total 12416K, used 1205K [0x05200000, 0x05f70000, 0x0a750000)
  eden space 11072K,   0% used [0x05200000, 0x05200000, 0x05cd0000)
  from space 1344K,  89% used [0x05e20000, 0x05f4d6a0, 0x05f70000)
  to   space 1344K,   0% used [0x05cd0000, 0x05cd0000, 0x05e20000)
 tenured generation   total 96068K, used 95326K [0x0a750000, 0x10521000, 0x15200000)
   the space 96068K,  99% used [0x0a750000, 0x10467ae0, 0x10467c00, 0x10521000)
 Metaspace       used 5836K, capacity 6013K, committed 6144K, reserved 6528K
}

